24-Jun-2019 19:17:08.739 INFO [main] org.apache.catalina.core.ApplicationContext.log ContextListener: contextInitialized()
24-Jun-2019 19:17:08.739 INFO [main] org.apache.catalina.core.ApplicationContext.log SessionListener: contextInitialized()
24-Jun-2019 19:17:08.740 INFO [main] org.apache.catalina.core.ApplicationContext.log ContextListener: attributeAdded('StockTicker', 'async.Stockticker@55fe41ea')
24-Jun-2019 19:18:53.850 INFO [main] org.apache.catalina.core.ApplicationContext.log ContextListener: contextInitialized()
24-Jun-2019 19:18:53.850 INFO [main] org.apache.catalina.core.ApplicationContext.log SessionListener: contextInitialized()
24-Jun-2019 19:18:53.852 INFO [main] org.apache.catalina.core.ApplicationContext.log ContextListener: attributeAdded('StockTicker', 'async.Stockticker@ba2f4ec')
24-Jun-2019 19:18:54.152 INFO [main] org.apache.catalina.core.ApplicationContext.log SessionListener: contextDestroyed()
24-Jun-2019 19:18:54.152 INFO [main] org.apache.catalina.core.ApplicationContext.log ContextListener: contextDestroyed()
24-Jun-2019 19:18:59.787 INFO [Thread-4] org.apache.catalina.core.ApplicationContext.log SessionListener: contextDestroyed()
24-Jun-2019 19:18:59.787 INFO [Thread-4] org.apache.catalina.core.ApplicationContext.log ContextListener: contextDestroyed()
24-Jun-2019 19:19:02.905 INFO [main] org.apache.catalina.core.ApplicationContext.log ContextListener: contextInitialized()
24-Jun-2019 19:19:02.905 INFO [main] org.apache.catalina.core.ApplicationContext.log SessionListener: contextInitialized()
24-Jun-2019 19:19:02.906 INFO [main] org.apache.catalina.core.ApplicationContext.log ContextListener: attributeAdded('StockTicker', 'async.Stockticker@ba2f4ec')
24-Jun-2019 19:20:20.822 INFO [Thread-5] org.apache.catalina.core.ApplicationContext.log SessionListener: contextDestroyed()
24-Jun-2019 19:20:20.822 INFO [Thread-5] org.apache.catalina.core.ApplicationContext.log ContextListener: contextDestroyed()
24-Jun-2019 21:02:58.614 INFO [main] org.apache.catalina.core.ApplicationContext.log ContextListener: contextInitialized()
24-Jun-2019 21:02:58.615 INFO [main] org.apache.catalina.core.ApplicationContext.log SessionListener: contextInitialized()
24-Jun-2019 21:02:58.616 INFO [main] org.apache.catalina.core.ApplicationContext.log ContextListener: attributeAdded('StockTicker', 'async.Stockticker@302552ec')
24-Jun-2019 21:02:58.745 INFO [main] org.apache.catalina.core.ApplicationContext.log SessionListener: contextDestroyed()
24-Jun-2019 21:02:58.745 INFO [main] org.apache.catalina.core.ApplicationContext.log ContextListener: contextDestroyed()
24-Jun-2019 21:03:03.390 INFO [main] org.apache.catalina.core.ApplicationContext.log ContextListener: contextInitialized()
24-Jun-2019 21:03:03.390 INFO [main] org.apache.catalina.core.ApplicationContext.log SessionListener: contextInitialized()
24-Jun-2019 21:03:03.392 INFO [main] org.apache.catalina.core.ApplicationContext.log ContextListener: attributeAdded('StockTicker', 'async.Stockticker@302552ec')
24-Jun-2019 21:03:03.476 INFO [main] org.apache.catalina.core.ApplicationContext.log SessionListener: contextDestroyed()
24-Jun-2019 21:03:03.476 INFO [main] org.apache.catalina.core.ApplicationContext.log ContextListener: contextDestroyed()
24-Jun-2019 21:09:23.665 INFO [main] org.apache.catalina.core.ApplicationContext.log ContextListener: contextInitialized()
24-Jun-2019 21:09:23.665 INFO [main] org.apache.catalina.core.ApplicationContext.log SessionListener: contextInitialized()
24-Jun-2019 21:09:23.665 INFO [main] org.apache.catalina.core.ApplicationContext.log ContextListener: attributeAdded('StockTicker', 'async.Stockticker@710f4dc7')
24-Jun-2019 21:09:45.020 INFO [Thread-5] org.apache.catalina.core.ApplicationContext.log SessionListener: contextDestroyed()
24-Jun-2019 21:09:45.021 INFO [Thread-5] org.apache.catalina.core.ApplicationContext.log ContextListener: contextDestroyed()
